e:\eliza\lmad\graficas 2\graficas computacionales 2\terrenoskybillmodgc2\v1dx11rr\x64\debug\vc142.pdb
e:\eliza\lmad\graficas 2\graficas computacionales 2\terrenoskybillmodgc2\v1dx11rr\x64\debug\vc142.idb
e:\eliza\lmad\graficas 2\graficas computacionales 2\terrenoskybillmodgc2\v1dx11rr\x64\debug\xact3util.obj
e:\eliza\lmad\graficas 2\graficas computacionales 2\terrenoskybillmodgc2\v1dx11rr\x64\debug\terrenoskybill.obj
e:\eliza\lmad\graficas 2\graficas computacionales 2\terrenoskybillmodgc2\v1dx11rr\x64\debug\loadmodel.obj
e:\eliza\lmad\graficas 2\graficas computacionales 2\terrenoskybillmodgc2\x64\debug\awa.cso
e:\eliza\lmad\graficas 2\graficas computacionales 2\terrenoskybillmodgc2\x64\debug\billboard.cso
e:\eliza\lmad\graficas 2\graficas computacionales 2\terrenoskybillmodgc2\x64\debug\modelo.cso
e:\eliza\lmad\graficas 2\graficas computacionales 2\terrenoskybillmodgc2\x64\debug\lago.cso
e:\eliza\lmad\graficas 2\graficas computacionales 2\terrenoskybillmodgc2\x64\debug\lamparas.cso
e:\eliza\lmad\graficas 2\graficas computacionales 2\terrenoskybillmodgc2\x64\debug\text.cso
e:\eliza\lmad\graficas 2\graficas computacionales 2\terrenoskybillmodgc2\x64\debug\terrenoskybill.exe
e:\eliza\lmad\graficas 2\graficas computacionales 2\terrenoskybillmodgc2\v1dx11rr\x64\debug\terrenoskybill.ilk
e:\eliza\lmad\graficas 2\graficas computacionales 2\terrenoskybillmodgc2\x64\debug\terrenoskybill.pdb
e:\eliza\lmad\graficas 2\graficas computacionales 2\terrenoskybillmodgc2\v1dx11rr\x64\debug\terrenoskybill.obj.enc
e:\eliza\lmad\graficas 2\graficas computacionales 2\terrenoskybillmodgc2\x64\debug\terrenoskybill.ilk
e:\eliza\lmad\graficas 2\graficas computacionales 2\terrenoskybillmodgc2\v1dx11rr\x64\debug\terrenoskybill.tlog\cl.command.1.tlog
e:\eliza\lmad\graficas 2\graficas computacionales 2\terrenoskybillmodgc2\v1dx11rr\x64\debug\terrenoskybill.tlog\cl.read.1.tlog
e:\eliza\lmad\graficas 2\graficas computacionales 2\terrenoskybillmodgc2\v1dx11rr\x64\debug\terrenoskybill.tlog\cl.write.1.tlog
e:\eliza\lmad\graficas 2\graficas computacionales 2\terrenoskybillmodgc2\v1dx11rr\x64\debug\terrenoskybill.tlog\fxc.command.1.tlog
e:\eliza\lmad\graficas 2\graficas computacionales 2\terrenoskybillmodgc2\v1dx11rr\x64\debug\terrenoskybill.tlog\fxc.read.1.tlog
e:\eliza\lmad\graficas 2\graficas computacionales 2\terrenoskybillmodgc2\v1dx11rr\x64\debug\terrenoskybill.tlog\fxc.write.1.tlog
e:\eliza\lmad\graficas 2\graficas computacionales 2\terrenoskybillmodgc2\v1dx11rr\x64\debug\terrenoskybill.tlog\link.20960.delete.1.tlog
e:\eliza\lmad\graficas 2\graficas computacionales 2\terrenoskybillmodgc2\v1dx11rr\x64\debug\terrenoskybill.tlog\link.command.1.tlog
e:\eliza\lmad\graficas 2\graficas computacionales 2\terrenoskybillmodgc2\v1dx11rr\x64\debug\terrenoskybill.tlog\link.read.1.tlog
e:\eliza\lmad\graficas 2\graficas computacionales 2\terrenoskybillmodgc2\v1dx11rr\x64\debug\terrenoskybill.tlog\link.write.1.tlog
