E:\Visual Studio 2019\MSBuild\Microsoft\VC\v160\Microsoft.CppBuild.targets(513,5): warning MSB8028: El directorio intermedio (x64\Debug\) contiene archivos compartidos de otro proyecto (Terreno.vcxproj, TerrenoSky.vcxproj). Esto puede dar lugar a un comportamiento incorrecto de limpieza y recompilación.
  TerrenoSkyBill.cpp
C:\Program Files (x86)\Microsoft DirectX SDK (June 2010)\Include\dxgitype.h(12,1): warning C4005: 'DXGI_STATUS_OCCLUDED': redefinición de macro
C:\Program Files (x86)\Windows Kits\10\Include\10.0.16299.0\shared\winerror.h(53655): message : vea la definición anterior de 'DXGI_STATUS_OCCLUDED'
C:\Program Files (x86)\Microsoft DirectX SDK (June 2010)\Include\dxgitype.h(13,1): warning C4005: 'DXGI_STATUS_CLIPPED': redefinición de macro
C:\Program Files (x86)\Windows Kits\10\Include\10.0.16299.0\shared\winerror.h(53664): message : vea la definición anterior de 'DXGI_STATUS_CLIPPED'
C:\Program Files (x86)\Microsoft DirectX SDK (June 2010)\Include\dxgitype.h(14,1): warning C4005: 'DXGI_STATUS_NO_REDIRECTION': redefinición de macro
C:\Program Files (x86)\Windows Kits\10\Include\10.0.16299.0\shared\winerror.h(53673): message : vea la definición anterior de 'DXGI_STATUS_NO_REDIRECTION'
C:\Program Files (x86)\Microsoft DirectX SDK (June 2010)\Include\dxgitype.h(15,1): warning C4005: 'DXGI_STATUS_NO_DESKTOP_ACCESS': redefinición de macro
C:\Program Files (x86)\Windows Kits\10\Include\10.0.16299.0\shared\winerror.h(53682): message : vea la definición anterior de 'DXGI_STATUS_NO_DESKTOP_ACCESS'
C:\Program Files (x86)\Microsoft DirectX SDK (June 2010)\Include\dxgitype.h(16,1): warning C4005: 'DXGI_STATUS_GRAPHICS_VIDPN_SOURCE_IN_USE': redefinición de macro
C:\Program Files (x86)\Windows Kits\10\Include\10.0.16299.0\shared\winerror.h(53691): message : vea la definición anterior de 'DXGI_STATUS_GRAPHICS_VIDPN_SOURCE_IN_USE'
C:\Program Files (x86)\Microsoft DirectX SDK (June 2010)\Include\dxgitype.h(17,1): warning C4005: 'DXGI_STATUS_MODE_CHANGED': redefinición de macro
C:\Program Files (x86)\Windows Kits\10\Include\10.0.16299.0\shared\winerror.h(53700): message : vea la definición anterior de 'DXGI_STATUS_MODE_CHANGED'
C:\Program Files (x86)\Microsoft DirectX SDK (June 2010)\Include\dxgitype.h(18,1): warning C4005: 'DXGI_STATUS_MODE_CHANGE_IN_PROGRESS': redefinición de macro
C:\Program Files (x86)\Windows Kits\10\Include\10.0.16299.0\shared\winerror.h(53709): message : vea la definición anterior de 'DXGI_STATUS_MODE_CHANGE_IN_PROGRESS'
C:\Program Files (x86)\Microsoft DirectX SDK (June 2010)\Include\dxgitype.h(21,1): warning C4005: 'DXGI_ERROR_INVALID_CALL': redefinición de macro
C:\Program Files (x86)\Windows Kits\10\Include\10.0.16299.0\shared\winerror.h(53724): message : vea la definición anterior de 'DXGI_ERROR_INVALID_CALL'
C:\Program Files (x86)\Microsoft DirectX SDK (June 2010)\Include\dxgitype.h(22,1): warning C4005: 'DXGI_ERROR_NOT_FOUND': redefinición de macro
C:\Program Files (x86)\Windows Kits\10\Include\10.0.16299.0\shared\winerror.h(53733): message : vea la definición anterior de 'DXGI_ERROR_NOT_FOUND'
C:\Program Files (x86)\Microsoft DirectX SDK (June 2010)\Include\dxgitype.h(23,1): warning C4005: 'DXGI_ERROR_MORE_DATA': redefinición de macro
C:\Program Files (x86)\Windows Kits\10\Include\10.0.16299.0\shared\winerror.h(53742): message : vea la definición anterior de 'DXGI_ERROR_MORE_DATA'
C:\Program Files (x86)\Microsoft DirectX SDK (June 2010)\Include\dxgitype.h(24,1): warning C4005: 'DXGI_ERROR_UNSUPPORTED': redefinición de macro
C:\Program Files (x86)\Windows Kits\10\Include\10.0.16299.0\shared\winerror.h(53751): message : vea la definición anterior de 'DXGI_ERROR_UNSUPPORTED'
C:\Program Files (x86)\Microsoft DirectX SDK (June 2010)\Include\dxgitype.h(25,1): warning C4005: 'DXGI_ERROR_DEVICE_REMOVED': redefinición de macro
C:\Program Files (x86)\Windows Kits\10\Include\10.0.16299.0\shared\winerror.h(53760): message : vea la definición anterior de 'DXGI_ERROR_DEVICE_REMOVED'
C:\Program Files (x86)\Microsoft DirectX SDK (June 2010)\Include\dxgitype.h(26,1): warning C4005: 'DXGI_ERROR_DEVICE_HUNG': redefinición de macro
C:\Program Files (x86)\Windows Kits\10\Include\10.0.16299.0\shared\winerror.h(53769): message : vea la definición anterior de 'DXGI_ERROR_DEVICE_HUNG'
C:\Program Files (x86)\Microsoft DirectX SDK (June 2010)\Include\dxgitype.h(27,1): warning C4005: 'DXGI_ERROR_DEVICE_RESET': redefinición de macro
C:\Program Files (x86)\Windows Kits\10\Include\10.0.16299.0\shared\winerror.h(53779): message : vea la definición anterior de 'DXGI_ERROR_DEVICE_RESET'
C:\Program Files (x86)\Microsoft DirectX SDK (June 2010)\Include\dxgitype.h(28,1): warning C4005: 'DXGI_ERROR_WAS_STILL_DRAWING': redefinición de macro
C:\Program Files (x86)\Windows Kits\10\Include\10.0.16299.0\shared\winerror.h(53788): message : vea la definición anterior de 'DXGI_ERROR_WAS_STILL_DRAWING'
C:\Program Files (x86)\Microsoft DirectX SDK (June 2010)\Include\dxgitype.h(29,1): warning C4005: 'DXGI_ERROR_FRAME_STATISTICS_DISJOINT': redefinición de macro
C:\Program Files (x86)\Windows Kits\10\Include\10.0.16299.0\shared\winerror.h(53798): message : vea la definición anterior de 'DXGI_ERROR_FRAME_STATISTICS_DISJOINT'
C:\Program Files (x86)\Microsoft DirectX SDK (June 2010)\Include\dxgitype.h(30,1): warning C4005: 'DXGI_ERROR_GRAPHICS_VIDPN_SOURCE_IN_USE': redefinición de macro
C:\Program Files (x86)\Windows Kits\10\Include\10.0.16299.0\shared\winerror.h(53807): message : vea la definición anterior de 'DXGI_ERROR_GRAPHICS_VIDPN_SOURCE_IN_USE'
C:\Program Files (x86)\Microsoft DirectX SDK (June 2010)\Include\dxgitype.h(31,1): warning C4005: 'DXGI_ERROR_DRIVER_INTERNAL_ERROR': redefinición de macro
C:\Program Files (x86)\Windows Kits\10\Include\10.0.16299.0\shared\winerror.h(53817): message : vea la definición anterior de 'DXGI_ERROR_DRIVER_INTERNAL_ERROR'
C:\Program Files (x86)\Microsoft DirectX SDK (June 2010)\Include\dxgitype.h(32,1): warning C4005: 'DXGI_ERROR_NONEXCLUSIVE': redefinición de macro
C:\Program Files (x86)\Windows Kits\10\Include\10.0.16299.0\shared\winerror.h(53826): message : vea la definición anterior de 'DXGI_ERROR_NONEXCLUSIVE'
C:\Program Files (x86)\Microsoft DirectX SDK (June 2010)\Include\dxgitype.h(33,1): warning C4005: 'DXGI_ERROR_NOT_CURRENTLY_AVAILABLE': redefinición de macro
C:\Program Files (x86)\Windows Kits\10\Include\10.0.16299.0\shared\winerror.h(53835): message : vea la definición anterior de 'DXGI_ERROR_NOT_CURRENTLY_AVAILABLE'
C:\Program Files (x86)\Microsoft DirectX SDK (June 2010)\Include\dxgitype.h(34,1): warning C4005: 'DXGI_ERROR_REMOTE_CLIENT_DISCONNECTED': redefinición de macro
C:\Program Files (x86)\Windows Kits\10\Include\10.0.16299.0\shared\winerror.h(53845): message : vea la definición anterior de 'DXGI_ERROR_REMOTE_CLIENT_DISCONNECTED'
C:\Program Files (x86)\Microsoft DirectX SDK (June 2010)\Include\dxgitype.h(35,1): warning C4005: 'DXGI_ERROR_REMOTE_OUTOFMEMORY': redefinición de macro
C:\Program Files (x86)\Windows Kits\10\Include\10.0.16299.0\shared\winerror.h(53854): message : vea la definición anterior de 'DXGI_ERROR_REMOTE_OUTOFMEMORY'
C:\Program Files (x86)\Microsoft DirectX SDK (June 2010)\Include\d3d11.h(917,1): warning C4005: 'D3D11_ERROR_TOO_MANY_UNIQUE_STATE_OBJECTS': redefinición de macro
C:\Program Files (x86)\Windows Kits\10\Include\10.0.16299.0\shared\winerror.h(54118): message : vea la definición anterior de 'D3D11_ERROR_TOO_MANY_UNIQUE_STATE_OBJECTS'
C:\Program Files (x86)\Microsoft DirectX SDK (June 2010)\Include\d3d11.h(918,1): warning C4005: 'D3D11_ERROR_FILE_NOT_FOUND': redefinición de macro
C:\Program Files (x86)\Windows Kits\10\Include\10.0.16299.0\shared\winerror.h(54127): message : vea la definición anterior de 'D3D11_ERROR_FILE_NOT_FOUND'
C:\Program Files (x86)\Microsoft DirectX SDK (June 2010)\Include\d3d11.h(919,1): warning C4005: 'D3D11_ERROR_TOO_MANY_UNIQUE_VIEW_OBJECTS': redefinición de macro
C:\Program Files (x86)\Windows Kits\10\Include\10.0.16299.0\shared\winerror.h(54137): message : vea la definición anterior de 'D3D11_ERROR_TOO_MANY_UNIQUE_VIEW_OBJECTS'
C:\Program Files (x86)\Microsoft DirectX SDK (June 2010)\Include\d3d11.h(920,1): warning C4005: 'D3D11_ERROR_DEFERRED_CONTEXT_MAP_WITHOUT_INITIAL_DISCARD': redefinición de macro
C:\Program Files (x86)\Windows Kits\10\Include\10.0.16299.0\shared\winerror.h(54146): message : vea la definición anterior de 'D3D11_ERROR_DEFERRED_CONTEXT_MAP_WITHOUT_INITIAL_DISCARD'
C:\Program Files (x86)\Microsoft DirectX SDK (June 2010)\Include\d3d10.h(608,1): warning C4005: 'D3D10_ERROR_TOO_MANY_UNIQUE_STATE_OBJECTS': redefinición de macro
C:\Program Files (x86)\Windows Kits\10\Include\10.0.16299.0\shared\winerror.h(54094): message : vea la definición anterior de 'D3D10_ERROR_TOO_MANY_UNIQUE_STATE_OBJECTS'
C:\Program Files (x86)\Microsoft DirectX SDK (June 2010)\Include\d3d10.h(609,1): warning C4005: 'D3D10_ERROR_FILE_NOT_FOUND': redefinición de macro
C:\Program Files (x86)\Windows Kits\10\Include\10.0.16299.0\shared\winerror.h(54103): message : vea la definición anterior de 'D3D10_ERROR_FILE_NOT_FOUND'
E:\Eliza\LMAD\GRAFICAS 2\GRAFICAS COMPUTACIONALES 2\TerrenoSkyBillModGC2\v1dx11rr\TerrenoRR.h(212,85): warning C4244: '=': conversión de 'double' a 'float'; posible pérdida de datos
E:\Eliza\LMAD\GRAFICAS 2\GRAFICAS COMPUTACIONALES 2\TerrenoSkyBillModGC2\v1dx11rr\TerrenoRR.h(318,63): warning C4244: 'argumento': conversión de 'int' a 'FLOAT'; posible pérdida de datos
E:\Eliza\LMAD\GRAFICAS 2\GRAFICAS COMPUTACIONALES 2\TerrenoSkyBillModGC2\v1dx11rr\TerrenoRR.h(318,1): warning C4305: 'argumento': truncamiento de 'double' a 'FLOAT'
E:\Eliza\LMAD\GRAFICAS 2\GRAFICAS COMPUTACIONALES 2\TerrenoSkyBillModGC2\v1dx11rr\TerrenoRR.h(377,1): warning C4305: '+=': truncamiento de 'double' a 'float'
E:\Eliza\LMAD\GRAFICAS 2\GRAFICAS COMPUTACIONALES 2\TerrenoSkyBillModGC2\v1dx11rr\TerrenoRR.h(410,1): warning C4305: 'argumento': truncamiento de 'double' a 'FLOAT'
E:\Eliza\LMAD\GRAFICAS 2\GRAFICAS COMPUTACIONALES 2\TerrenoSkyBillModGC2\v1dx11rr\TerrenoRR.h(473,21): warning C4018: '<': no coinciden signed/unsigned
E:\Eliza\LMAD\GRAFICAS 2\GRAFICAS COMPUTACIONALES 2\TerrenoSkyBillModGC2\v1dx11rr\TerrenoRR.h(475,19): warning C4018: '<': no coinciden signed/unsigned
E:\Eliza\LMAD\GRAFICAS 2\GRAFICAS COMPUTACIONALES 2\TerrenoSkyBillModGC2\v1dx11rr\Camara.h(57,63): warning C4244: 'argumento': conversión de 'int' a 'FLOAT'; posible pérdida de datos
E:\Eliza\LMAD\GRAFICAS 2\GRAFICAS COMPUTACIONALES 2\TerrenoSkyBillModGC2\v1dx11rr\Camara.h(57,1): warning C4305: 'argumento': truncamiento de 'double' a 'FLOAT'
E:\Eliza\LMAD\GRAFICAS 2\GRAFICAS COMPUTACIONALES 2\TerrenoSkyBillModGC2\v1dx11rr\SkyDome.h(295,1): warning C4305: 'inicializando': truncamiento de 'double' a 'float'
E:\Eliza\LMAD\GRAFICAS 2\GRAFICAS COMPUTACIONALES 2\TerrenoSkyBillModGC2\v1dx11rr\SkyDome.h(296,1): warning C4305: '+=': truncamiento de 'double' a 'float'
E:\Eliza\LMAD\GRAFICAS 2\GRAFICAS COMPUTACIONALES 2\TerrenoSkyBillModGC2\v1dx11rr\Billboard.h(410,14): warning C4244: 'inicializando': conversión de 'double' a 'float'; posible pérdida de datos
E:\Eliza\LMAD\GRAFICAS 2\GRAFICAS COMPUTACIONALES 2\TerrenoSkyBillModGC2\v1dx11rr\Billboard.h(411,15): warning C4244: 'inicializando': conversión de 'double' a 'float'; posible pérdida de datos
E:\Eliza\LMAD\GRAFICAS 2\GRAFICAS COMPUTACIONALES 2\TerrenoSkyBillModGC2\v1dx11rr\Billboard.h(535,14): warning C4244: 'inicializando': conversión de 'double' a 'float'; posible pérdida de datos
E:\Eliza\LMAD\GRAFICAS 2\GRAFICAS COMPUTACIONALES 2\TerrenoSkyBillModGC2\v1dx11rr\Billboard.h(536,15): warning C4244: 'inicializando': conversión de 'double' a 'float'; posible pérdida de datos
C:\Program Files (x86)\Microsoft DirectX SDK (June 2010)\Include\xnamath.h(2662,52): warning C4838: la conversión de 'unsigned int' en 'INT' requiere una conversión de restricción
C:\Program Files (x86)\Microsoft DirectX SDK (June 2010)\Include\xnamath.h(2662,64): warning C4838: la conversión de 'unsigned int' en 'INT' requiere una conversión de restricción
C:\Program Files (x86)\Microsoft DirectX SDK (June 2010)\Include\xnamath.h(2662,76): warning C4838: la conversión de 'unsigned int' en 'INT' requiere una conversión de restricción
C:\Program Files (x86)\Microsoft DirectX SDK (June 2010)\Include\xnamath.h(2662,88): warning C4838: la conversión de 'unsigned int' en 'INT' requiere una conversión de restricción
C:\Program Files (x86)\Microsoft DirectX SDK (June 2010)\Include\xnamath.h(2663,52): warning C4838: la conversión de 'unsigned int' en 'INT' requiere una conversión de restricción
C:\Program Files (x86)\Microsoft DirectX SDK (June 2010)\Include\xnamath.h(2663,64): warning C4838: la conversión de 'unsigned int' en 'INT' requiere una conversión de restricción
C:\Program Files (x86)\Microsoft DirectX SDK (June 2010)\Include\xnamath.h(2663,76): warning C4838: la conversión de 'unsigned int' en 'INT' requiere una conversión de restricción
C:\Program Files (x86)\Microsoft DirectX SDK (June 2010)\Include\xnamath.h(2664,52): warning C4838: la conversión de 'unsigned int' en 'INT' requiere una conversión de restricción
C:\Program Files (x86)\Microsoft DirectX SDK (June 2010)\Include\xnamath.h(2664,64): warning C4838: la conversión de 'unsigned int' en 'INT' requiere una conversión de restricción
C:\Program Files (x86)\Microsoft DirectX SDK (June 2010)\Include\xnamath.h(2664,76): warning C4838: la conversión de 'unsigned int' en 'INT' requiere una conversión de restricción
C:\Program Files (x86)\Microsoft DirectX SDK (June 2010)\Include\xnamath.h(2665,52): warning C4838: la conversión de 'unsigned int' en 'INT' requiere una conversión de restricción
C:\Program Files (x86)\Microsoft DirectX SDK (June 2010)\Include\xnamath.h(2666,64): warning C4838: la conversión de 'unsigned int' en 'INT' requiere una conversión de restricción
C:\Program Files (x86)\Microsoft DirectX SDK (June 2010)\Include\xnamath.h(2667,76): warning C4838: la conversión de 'unsigned int' en 'INT' requiere una conversión de restricción
C:\Program Files (x86)\Microsoft DirectX SDK (June 2010)\Include\xnamath.h(2668,88): warning C4838: la conversión de 'unsigned int' en 'INT' requiere una conversión de restricción
C:\Program Files (x86)\Microsoft DirectX SDK (June 2010)\Include\xnamath.h(2689,46): warning C4838: la conversión de 'unsigned int' en 'INT' requiere una conversión de restricción
C:\Program Files (x86)\Microsoft DirectX SDK (June 2010)\Include\xnamath.h(2689,58): warning C4838: la conversión de 'unsigned int' en 'INT' requiere una conversión de restricción
C:\Program Files (x86)\Microsoft DirectX SDK (June 2010)\Include\xnamath.h(2689,70): warning C4838: la conversión de 'unsigned int' en 'INT' requiere una conversión de restricción
C:\Program Files (x86)\Microsoft DirectX SDK (June 2010)\Include\xnamath.h(2689,82): warning C4838: la conversión de 'unsigned int' en 'INT' requiere una conversión de restricción
C:\Program Files (x86)\Microsoft DirectX SDK (June 2010)\Include\xnamath.h(2690,88): warning C4838: la conversión de 'unsigned int' en 'INT' requiere una conversión de restricción
C:\Program Files (x86)\Microsoft DirectX SDK (June 2010)\Include\xnamath.h(2691,88): warning C4838: la conversión de 'unsigned int' en 'INT' requiere una conversión de restricción
C:\Program Files (x86)\Microsoft DirectX SDK (June 2010)\Include\xnamath.h(2694,88): warning C4838: la conversión de 'unsigned int' en 'INT' requiere una conversión de restricción
C:\Program Files (x86)\Microsoft DirectX SDK (June 2010)\Include\xnamath.h(2695,88): warning C4838: la conversión de 'unsigned int' en 'INT' requiere una conversión de restricción
C:\Program Files (x86)\Microsoft DirectX SDK (June 2010)\Include\xnamath.h(2698,64): warning C4838: la conversión de 'unsigned int' en 'INT' requiere una conversión de restricción
C:\Program Files (x86)\Microsoft DirectX SDK (June 2010)\Include\xnamath.h(2702,76): warning C4838: la conversión de 'unsigned int' en 'INT' requiere una conversión de restricción
C:\Program Files (x86)\Microsoft DirectX SDK (June 2010)\Include\xnamath.h(2702,88): warning C4838: la conversión de 'unsigned int' en 'INT' requiere una conversión de restricción
C:\Program Files (x86)\Microsoft DirectX SDK (June 2010)\Include\xnamath.h(2712,65): warning C4838: la conversión de 'unsigned int' en 'INT' requiere una conversión de restricción
C:\Program Files (x86)\Microsoft DirectX SDK (June 2010)\Include\xnamath.h(2712,91): warning C4838: la conversión de 'unsigned int' en 'INT' requiere una conversión de restricción
C:\Program Files (x86)\Microsoft DirectX SDK (June 2010)\Include\xnamath.h(2713,52): warning C4838: la conversión de 'unsigned int' en 'INT' requiere una conversión de restricción
C:\Program Files (x86)\Microsoft DirectX SDK (June 2010)\Include\xnamath.h(2713,78): warning C4838: la conversión de 'unsigned int' en 'INT' requiere una conversión de restricción
C:\Program Files (x86)\Microsoft DirectX SDK (June 2010)\Include\xnamath.h(2715,52): warning C4838: la conversión de 'unsigned int' en 'INT' requiere una conversión de restricción
C:\Program Files (x86)\Microsoft DirectX SDK (June 2010)\Include\xnamath.h(2716,52): warning C4838: la conversión de 'unsigned int' en 'INT' requiere una conversión de restricción
C:\Program Files (x86)\Microsoft DirectX SDK (June 2010)\Include\xnamath.h(2716,65): warning C4838: la conversión de 'unsigned int' en 'INT' requiere una conversión de restricción
C:\Program Files (x86)\Microsoft DirectX SDK (June 2010)\Include\xnamath.h(2717,52): warning C4838: la conversión de 'unsigned int' en 'INT' requiere una conversión de restricción
C:\Program Files (x86)\Microsoft DirectX SDK (June 2010)\Include\xnamath.h(2717,65): warning C4838: la conversión de 'unsigned int' en 'INT' requiere una conversión de restricción
C:\Program Files (x86)\Microsoft DirectX SDK (June 2010)\Include\xnamath.h(2717,78): warning C4838: la conversión de 'unsigned int' en 'INT' requiere una conversión de restricción
C:\Program Files (x86)\Microsoft DirectX SDK (June 2010)\Include\xnamath.h(2727,54): warning C4838: la conversión de 'unsigned int' en 'INT' requiere una conversión de restricción
C:\Program Files (x86)\Microsoft DirectX SDK (June 2010)\Include\xnamath.h(2728,56): warning C4838: la conversión de 'unsigned int' en 'INT' requiere una conversión de restricción
C:\Program Files (x86)\Microsoft DirectX SDK (June 2010)\Include\xnamath.h(2729,58): warning C4838: la conversión de 'unsigned int' en 'INT' requiere una conversión de restricción
C:\Program Files (x86)\Microsoft DirectX SDK (June 2010)\Include\xnamath.h(2730,54): warning C4838: la conversión de 'unsigned int' en 'INT' requiere una conversión de restricción
C:\Program Files (x86)\Microsoft DirectX SDK (June 2010)\Include\xnamath.h(2730,65): warning C4838: la conversión de 'unsigned int' en 'INT' requiere una conversión de restricción
C:\Program Files (x86)\Microsoft DirectX SDK (June 2010)\Include\xnamath.h(2731,56): warning C4838: la conversión de 'unsigned int' en 'INT' requiere una conversión de restricción
C:\Program Files (x86)\Microsoft DirectX SDK (June 2010)\Include\xnamath.h(2731,67): warning C4838: la conversión de 'unsigned int' en 'INT' requiere una conversión de restricción
C:\Program Files (x86)\Microsoft DirectX SDK (June 2010)\Include\xnamath.h(2732,54): warning C4838: la conversión de 'unsigned int' en 'INT' requiere una conversión de restricción
C:\Program Files (x86)\Microsoft DirectX SDK (June 2010)\Include\xnamath.h(2732,67): warning C4838: la conversión de 'unsigned int' en 'INT' requiere una conversión de restricción
C:\Program Files (x86)\Microsoft DirectX SDK (June 2010)\Include\xnamath.h(2742,60): warning C4838: la conversión de 'unsigned int' en 'INT' requiere una conversión de restricción
C:\Program Files (x86)\Microsoft DirectX SDK (June 2010)\Include\xnamath.h(2742,79): warning C4838: la conversión de 'unsigned int' en 'INT' requiere una conversión de restricción
C:\Program Files (x86)\Microsoft DirectX SDK (June 2010)\Include\xnamath.h(2743,70): warning C4838: la conversión de 'unsigned int' en 'INT' requiere una conversión de restricción
C:\Program Files (x86)\Microsoft DirectX SDK (June 2010)\Include\xnamath.h(2754,73): warning C4838: la conversión de 'unsigned int' en 'INT' requiere una conversión de restricción
C:\Program Files (x86)\Microsoft DirectX SDK (June 2010)\Include\xnamathconvert.inl(2254,71): warning C4838: la conversión de 'unsigned int' en 'INT' requiere una conversión de restricción
C:\Program Files (x86)\Microsoft DirectX SDK (June 2010)\Include\xnamathconvert.inl(4523,69): warning C4838: la conversión de 'unsigned int' en 'INT' requiere una conversión de restricción
C:\Program Files (x86)\Microsoft DirectX SDK (June 2010)\Include\xnamathconvert.inl(4577,68): warning C4838: la conversión de 'unsigned int' en 'INT' requiere una conversión de restricción
C:\Program Files (x86)\Microsoft DirectX SDK (June 2010)\Include\xnamathconvert.inl(4639,65): warning C4838: la conversión de 'unsigned int' en 'INT' requiere una conversión de restricción
C:\Program Files (x86)\Microsoft DirectX SDK (June 2010)\Include\xnamathconvert.inl(4707,64): warning C4838: la conversión de 'unsigned int' en 'INT' requiere una conversión de restricción
C:\Program Files (x86)\Microsoft DirectX SDK (June 2010)\Include\xnamathconvert.inl(4770,64): warning C4838: la conversión de 'unsigned int' en 'INT' requiere una conversión de restricción
C:\Program Files (x86)\Microsoft DirectX SDK (June 2010)\Include\xnamathconvert.inl(4832,63): warning C4838: la conversión de 'unsigned int' en 'INT' requiere una conversión de restricción
C:\Program Files (x86)\Microsoft DirectX SDK (June 2010)\Include\xnamathvector.inl(1269,45): warning C4838: la conversión de 'unsigned int' en 'INT' requiere una conversión de restricción
C:\Program Files (x86)\Microsoft DirectX SDK (June 2010)\Include\xnamathvector.inl(1269,56): warning C4838: la conversión de 'unsigned int' en 'INT' requiere una conversión de restricción
C:\Program Files (x86)\Microsoft DirectX SDK (June 2010)\Include\xnamathvector.inl(1269,67): warning C4838: la conversión de 'unsigned int' en 'INT' requiere una conversión de restricción
C:\Program Files (x86)\Microsoft DirectX SDK (June 2010)\Include\xnamathvector.inl(1269,78): warning C4838: la conversión de 'unsigned int' en 'INT' requiere una conversión de restricción
C:\Program Files (x86)\Microsoft DirectX SDK (June 2010)\Include\xnamathmisc.inl(518,43): warning C4838: la conversión de 'unsigned int' en 'INT' requiere una conversión de restricción
C:\Program Files (x86)\Microsoft DirectX SDK (June 2010)\Include\xnamathmisc.inl(519,40): warning C4838: la conversión de 'unsigned int' en 'INT' requiere una conversión de restricción
C:\Program Files (x86)\Microsoft DirectX SDK (June 2010)\Include\xnamathmisc.inl(519,51): warning C4838: la conversión de 'unsigned int' en 'INT' requiere una conversión de restricción
E:\Eliza\LMAD\GRAFICAS 2\GRAFICAS COMPUTACIONALES 2\TerrenoSkyBillModGC2\v1dx11rr\ModeloRR.h(340,64): warning C4244: 'argumento': conversión de 'int' a 'FLOAT'; posible pérdida de datos
E:\Eliza\LMAD\GRAFICAS 2\GRAFICAS COMPUTACIONALES 2\TerrenoSkyBillModGC2\v1dx11rr\ModeloRR.h(340,1): warning C4305: 'argumento': truncamiento de 'double' a 'FLOAT'
E:\Eliza\LMAD\GRAFICAS 2\GRAFICAS COMPUTACIONALES 2\TerrenoSkyBillModGC2\v1dx11rr\ModeloRR.h(519,64): warning C4244: 'argumento': conversión de 'int' a 'FLOAT'; posible pérdida de datos
E:\Eliza\LMAD\GRAFICAS 2\GRAFICAS COMPUTACIONALES 2\TerrenoSkyBillModGC2\v1dx11rr\ModeloRR.h(519,1): warning C4305: 'argumento': truncamiento de 'double' a 'FLOAT'
E:\Eliza\LMAD\GRAFICAS 2\GRAFICAS COMPUTACIONALES 2\TerrenoSkyBillModGC2\v1dx11rr\ModeloRR.h(612,1): warning C4305: 'argumento': truncamiento de 'double' a 'FLOAT'
E:\Eliza\LMAD\GRAFICAS 2\GRAFICAS COMPUTACIONALES 2\TerrenoSkyBillModGC2\v1dx11rr\ModeloRR.h(635,44): warning C4244: 'argumento': conversión de 'double' a 'FLOAT'; posible pérdida de datos
E:\Eliza\LMAD\GRAFICAS 2\GRAFICAS COMPUTACIONALES 2\TerrenoSkyBillModGC2\v1dx11rr\lago.h(346,1): warning C4305: 'inicializando': truncamiento de 'double' a 'float'
E:\Eliza\LMAD\GRAFICAS 2\GRAFICAS COMPUTACIONALES 2\TerrenoSkyBillModGC2\v1dx11rr\lago.h(347,1): warning C4305: '+=': truncamiento de 'double' a 'float'
E:\Eliza\LMAD\GRAFICAS 2\GRAFICAS COMPUTACIONALES 2\TerrenoSkyBillModGC2\v1dx11rr\GUI.h(186,29): warning C4244: '=': conversión de 'float' a 'UINT'; posible pérdida de datos
E:\Eliza\LMAD\GRAFICAS 2\GRAFICAS COMPUTACIONALES 2\TerrenoSkyBillModGC2\v1dx11rr\GUI.h(187,31): warning C4244: '=': conversión de 'float' a 'UINT'; posible pérdida de datos
E:\Eliza\LMAD\GRAFICAS 2\GRAFICAS COMPUTACIONALES 2\TerrenoSkyBillModGC2\v1dx11rr\GUI.h(217,21): warning C4018: '<': no coinciden signed/unsigned
E:\Eliza\LMAD\GRAFICAS 2\GRAFICAS COMPUTACIONALES 2\TerrenoSkyBillModGC2\v1dx11rr\GUI.h(174,33): warning C4101: 'renderTargetViewDesc': variable local sin referencia
E:\Eliza\LMAD\GRAFICAS 2\GRAFICAS COMPUTACIONALES 2\TerrenoSkyBillModGC2\v1dx11rr\GUI.h(175,35): warning C4101: 'shaderResourceViewDesc': variable local sin referencia
E:\Eliza\LMAD\GRAFICAS 2\GRAFICAS COMPUTACIONALES 2\TerrenoSkyBillModGC2\v1dx11rr\GUI.h(322,1): warning C4305: 'argumento': truncamiento de 'double' a 'FLOAT'
E:\Eliza\LMAD\GRAFICAS 2\GRAFICAS COMPUTACIONALES 2\TerrenoSkyBillModGC2\v1dx11rr\Text.h(193,29): warning C4244: '=': conversión de 'float' a 'UINT'; posible pérdida de datos
E:\Eliza\LMAD\GRAFICAS 2\GRAFICAS COMPUTACIONALES 2\TerrenoSkyBillModGC2\v1dx11rr\Text.h(194,31): warning C4244: '=': conversión de 'float' a 'UINT'; posible pérdida de datos
E:\Eliza\LMAD\GRAFICAS 2\GRAFICAS COMPUTACIONALES 2\TerrenoSkyBillModGC2\v1dx11rr\Text.h(184,33): warning C4101: 'renderTargetViewDesc': variable local sin referencia
E:\Eliza\LMAD\GRAFICAS 2\GRAFICAS COMPUTACIONALES 2\TerrenoSkyBillModGC2\v1dx11rr\Text.h(185,35): warning C4101: 'shaderResourceViewDesc': variable local sin referencia
E:\Eliza\LMAD\GRAFICAS 2\GRAFICAS COMPUTACIONALES 2\TerrenoSkyBillModGC2\v1dx11rr\Text.h(323,1): warning C4305: 'argumento': truncamiento de 'double' a 'FLOAT'
E:\Eliza\LMAD\GRAFICAS 2\GRAFICAS COMPUTACIONALES 2\TerrenoSkyBillModGC2\v1dx11rr\Text.h(348,1): warning C4305: 'inicializando': truncamiento de 'double' a 'float'
E:\Eliza\LMAD\GRAFICAS 2\GRAFICAS COMPUTACIONALES 2\TerrenoSkyBillModGC2\v1dx11rr\Roca.h(340,64): warning C4244: 'argumento': conversión de 'int' a 'FLOAT'; posible pérdida de datos
E:\Eliza\LMAD\GRAFICAS 2\GRAFICAS COMPUTACIONALES 2\TerrenoSkyBillModGC2\v1dx11rr\Roca.h(340,1): warning C4305: 'argumento': truncamiento de 'double' a 'FLOAT'
E:\Eliza\LMAD\GRAFICAS 2\GRAFICAS COMPUTACIONALES 2\TerrenoSkyBillModGC2\v1dx11rr\Roca.h(519,64): warning C4244: 'argumento': conversión de 'int' a 'FLOAT'; posible pérdida de datos
E:\Eliza\LMAD\GRAFICAS 2\GRAFICAS COMPUTACIONALES 2\TerrenoSkyBillModGC2\v1dx11rr\Roca.h(519,1): warning C4305: 'argumento': truncamiento de 'double' a 'FLOAT'
E:\Eliza\LMAD\GRAFICAS 2\GRAFICAS COMPUTACIONALES 2\TerrenoSkyBillModGC2\v1dx11rr\Roca.h(582,1): warning C4305: '+=': truncamiento de 'double' a 'float'
E:\Eliza\LMAD\GRAFICAS 2\GRAFICAS COMPUTACIONALES 2\TerrenoSkyBillModGC2\v1dx11rr\Roca.h(614,1): warning C4305: 'argumento': truncamiento de 'double' a 'FLOAT'
E:\Eliza\LMAD\GRAFICAS 2\GRAFICAS COMPUTACIONALES 2\TerrenoSkyBillModGC2\v1dx11rr\Roca.h(637,45): warning C4244: 'argumento': conversión de 'double' a 'FLOAT'; posible pérdida de datos
E:\Eliza\LMAD\GRAFICAS 2\GRAFICAS COMPUTACIONALES 2\TerrenoSkyBillModGC2\v1dx11rr\Lampara.h(327,64): warning C4244: 'argumento': conversión de 'int' a 'FLOAT'; posible pérdida de datos
E:\Eliza\LMAD\GRAFICAS 2\GRAFICAS COMPUTACIONALES 2\TerrenoSkyBillModGC2\v1dx11rr\Lampara.h(327,1): warning C4305: 'argumento': truncamiento de 'double' a 'FLOAT'
E:\Eliza\LMAD\GRAFICAS 2\GRAFICAS COMPUTACIONALES 2\TerrenoSkyBillModGC2\v1dx11rr\Lampara.h(505,64): warning C4244: 'argumento': conversión de 'int' a 'FLOAT'; posible pérdida de datos
E:\Eliza\LMAD\GRAFICAS 2\GRAFICAS COMPUTACIONALES 2\TerrenoSkyBillModGC2\v1dx11rr\Lampara.h(505,1): warning C4305: 'argumento': truncamiento de 'double' a 'FLOAT'
E:\Eliza\LMAD\GRAFICAS 2\GRAFICAS COMPUTACIONALES 2\TerrenoSkyBillModGC2\v1dx11rr\Lampara.h(562,1): warning C4305: '-=': truncamiento de 'double' a 'float'
E:\Eliza\LMAD\GRAFICAS 2\GRAFICAS COMPUTACIONALES 2\TerrenoSkyBillModGC2\v1dx11rr\Lampara.h(570,1): warning C4305: '+=': truncamiento de 'double' a 'float'
E:\Eliza\LMAD\GRAFICAS 2\GRAFICAS COMPUTACIONALES 2\TerrenoSkyBillModGC2\v1dx11rr\Lampara.h(605,1): warning C4305: 'argumento': truncamiento de 'double' a 'FLOAT'
E:\Eliza\LMAD\GRAFICAS 2\GRAFICAS COMPUTACIONALES 2\TerrenoSkyBillModGC2\v1dx11rr\Lampara.h(628,45): warning C4244: 'argumento': conversión de 'double' a 'FLOAT'; posible pérdida de datos
E:\Eliza\LMAD\GRAFICAS 2\GRAFICAS COMPUTACIONALES 2\TerrenoSkyBillModGC2\v1dx11rr\DXRR.h(144,13): warning C4244: 'argumento': conversión de 'time_t' a 'unsigned int'; posible pérdida de datos
E:\Eliza\LMAD\GRAFICAS 2\GRAFICAS COMPUTACIONALES 2\TerrenoSkyBillModGC2\v1dx11rr\DXRR.h(214,1): warning C4305: 'argumento': truncamiento de 'double' a 'float'
E:\Eliza\LMAD\GRAFICAS 2\GRAFICAS COMPUTACIONALES 2\TerrenoSkyBillModGC2\v1dx11rr\DXRR.h(215,1): warning C4305: 'argumento': truncamiento de 'double' a 'float'
E:\Eliza\LMAD\GRAFICAS 2\GRAFICAS COMPUTACIONALES 2\TerrenoSkyBillModGC2\v1dx11rr\DXRR.h(216,1): warning C4305: 'argumento': truncamiento de 'double' a 'float'
E:\Eliza\LMAD\GRAFICAS 2\GRAFICAS COMPUTACIONALES 2\TerrenoSkyBillModGC2\v1dx11rr\DXRR.h(217,1): warning C4305: 'argumento': truncamiento de 'double' a 'float'
E:\Eliza\LMAD\GRAFICAS 2\GRAFICAS COMPUTACIONALES 2\TerrenoSkyBillModGC2\v1dx11rr\DXRR.h(220,1): warning C4305: 'argumento': truncamiento de 'double' a 'float'
E:\Eliza\LMAD\GRAFICAS 2\GRAFICAS COMPUTACIONALES 2\TerrenoSkyBillModGC2\v1dx11rr\DXRR.h(221,1): warning C4305: 'argumento': truncamiento de 'double' a 'float'
E:\Eliza\LMAD\GRAFICAS 2\GRAFICAS COMPUTACIONALES 2\TerrenoSkyBillModGC2\v1dx11rr\DXRR.h(222,1): warning C4305: 'argumento': truncamiento de 'double' a 'float'
E:\Eliza\LMAD\GRAFICAS 2\GRAFICAS COMPUTACIONALES 2\TerrenoSkyBillModGC2\v1dx11rr\DXRR.h(418,1): warning C4305: '+=': truncamiento de 'double' a 'float'
E:\Eliza\LMAD\GRAFICAS 2\GRAFICAS COMPUTACIONALES 2\TerrenoSkyBillModGC2\v1dx11rr\DXRR.h(458,1): warning C4305: 'argumento': truncamiento de 'double' a 'float'
E:\Eliza\LMAD\GRAFICAS 2\GRAFICAS COMPUTACIONALES 2\TerrenoSkyBillModGC2\v1dx11rr\DXRR.h(462,1): warning C4305: 'argumento': truncamiento de 'double' a 'float'
E:\Eliza\LMAD\GRAFICAS 2\GRAFICAS COMPUTACIONALES 2\TerrenoSkyBillModGC2\v1dx11rr\DXRR.h(467,1): warning C4305: 'argumento': truncamiento de 'double' a 'float'
E:\Eliza\LMAD\GRAFICAS 2\GRAFICAS COMPUTACIONALES 2\TerrenoSkyBillModGC2\v1dx11rr\DXRR.h(471,1): warning C4305: 'argumento': truncamiento de 'double' a 'float'
E:\Eliza\LMAD\GRAFICAS 2\GRAFICAS COMPUTACIONALES 2\TerrenoSkyBillModGC2\v1dx11rr\DXRR.h(476,1): warning C4305: 'argumento': truncamiento de 'double' a 'float'
E:\Eliza\LMAD\GRAFICAS 2\GRAFICAS COMPUTACIONALES 2\TerrenoSkyBillModGC2\v1dx11rr\DXRR.h(480,1): warning C4305: 'argumento': truncamiento de 'double' a 'float'
E:\Eliza\LMAD\GRAFICAS 2\GRAFICAS COMPUTACIONALES 2\TerrenoSkyBillModGC2\v1dx11rr\DXRR.h(485,1): warning C4305: 'argumento': truncamiento de 'double' a 'float'
E:\Eliza\LMAD\GRAFICAS 2\GRAFICAS COMPUTACIONALES 2\TerrenoSkyBillModGC2\v1dx11rr\DXRR.h(489,1): warning C4305: 'argumento': truncamiento de 'double' a 'float'
E:\Eliza\LMAD\GRAFICAS 2\GRAFICAS COMPUTACIONALES 2\TerrenoSkyBillModGC2\v1dx11rr\DXRR.h(494,1): warning C4305: 'argumento': truncamiento de 'double' a 'float'
E:\Eliza\LMAD\GRAFICAS 2\GRAFICAS COMPUTACIONALES 2\TerrenoSkyBillModGC2\v1dx11rr\DXRR.h(498,1): warning C4305: 'argumento': truncamiento de 'double' a 'float'
E:\Eliza\LMAD\GRAFICAS 2\GRAFICAS COMPUTACIONALES 2\TerrenoSkyBillModGC2\v1dx11rr\DXRR.h(503,1): warning C4305: 'argumento': truncamiento de 'double' a 'float'
E:\Eliza\LMAD\GRAFICAS 2\GRAFICAS COMPUTACIONALES 2\TerrenoSkyBillModGC2\v1dx11rr\DXRR.h(507,1): warning C4305: 'argumento': truncamiento de 'double' a 'float'
E:\Eliza\LMAD\GRAFICAS 2\GRAFICAS COMPUTACIONALES 2\TerrenoSkyBillModGC2\v1dx11rr\DXRR.h(512,1): warning C4305: 'argumento': truncamiento de 'double' a 'float'
E:\Eliza\LMAD\GRAFICAS 2\GRAFICAS COMPUTACIONALES 2\TerrenoSkyBillModGC2\v1dx11rr\DXRR.h(516,1): warning C4305: 'argumento': truncamiento de 'double' a 'float'
E:\Eliza\LMAD\GRAFICAS 2\GRAFICAS COMPUTACIONALES 2\TerrenoSkyBillModGC2\v1dx11rr\DXRR.h(521,1): warning C4305: 'argumento': truncamiento de 'double' a 'float'
E:\Eliza\LMAD\GRAFICAS 2\GRAFICAS COMPUTACIONALES 2\TerrenoSkyBillModGC2\v1dx11rr\DXRR.h(525,1): warning C4305: 'argumento': truncamiento de 'double' a 'float'
E:\Eliza\LMAD\GRAFICAS 2\GRAFICAS COMPUTACIONALES 2\TerrenoSkyBillModGC2\v1dx11rr\DXRR.h(530,1): warning C4305: 'argumento': truncamiento de 'double' a 'float'
E:\Eliza\LMAD\GRAFICAS 2\GRAFICAS COMPUTACIONALES 2\TerrenoSkyBillModGC2\v1dx11rr\DXRR.h(534,1): warning C4305: 'argumento': truncamiento de 'double' a 'float'
E:\Eliza\LMAD\GRAFICAS 2\GRAFICAS COMPUTACIONALES 2\TerrenoSkyBillModGC2\v1dx11rr\DXRR.h(539,1): warning C4305: 'argumento': truncamiento de 'double' a 'float'
E:\Eliza\LMAD\GRAFICAS 2\GRAFICAS COMPUTACIONALES 2\TerrenoSkyBillModGC2\v1dx11rr\DXRR.h(543,1): warning C4305: 'argumento': truncamiento de 'double' a 'float'
E:\Eliza\LMAD\GRAFICAS 2\GRAFICAS COMPUTACIONALES 2\TerrenoSkyBillModGC2\v1dx11rr\DXRR.h(548,1): warning C4305: 'argumento': truncamiento de 'double' a 'float'
E:\Eliza\LMAD\GRAFICAS 2\GRAFICAS COMPUTACIONALES 2\TerrenoSkyBillModGC2\v1dx11rr\DXRR.h(552,1): warning C4305: 'argumento': truncamiento de 'double' a 'float'
E:\Eliza\LMAD\GRAFICAS 2\GRAFICAS COMPUTACIONALES 2\TerrenoSkyBillModGC2\v1dx11rr\DXRR.h(557,1): warning C4305: 'argumento': truncamiento de 'double' a 'float'
E:\Eliza\LMAD\GRAFICAS 2\GRAFICAS COMPUTACIONALES 2\TerrenoSkyBillModGC2\v1dx11rr\DXRR.h(561,1): warning C4305: 'argumento': truncamiento de 'double' a 'float'
E:\Eliza\LMAD\GRAFICAS 2\GRAFICAS COMPUTACIONALES 2\TerrenoSkyBillModGC2\v1dx11rr\DXRR.h(566,1): warning C4305: 'argumento': truncamiento de 'double' a 'float'
E:\Eliza\LMAD\GRAFICAS 2\GRAFICAS COMPUTACIONALES 2\TerrenoSkyBillModGC2\v1dx11rr\DXRR.h(570,1): warning C4305: 'argumento': truncamiento de 'double' a 'float'
E:\Eliza\LMAD\GRAFICAS 2\GRAFICAS COMPUTACIONALES 2\TerrenoSkyBillModGC2\v1dx11rr\DXRR.h(575,1): warning C4305: 'argumento': truncamiento de 'double' a 'float'
E:\Eliza\LMAD\GRAFICAS 2\GRAFICAS COMPUTACIONALES 2\TerrenoSkyBillModGC2\v1dx11rr\DXRR.h(579,1): warning C4305: 'argumento': truncamiento de 'double' a 'float'
E:\Eliza\LMAD\GRAFICAS 2\GRAFICAS COMPUTACIONALES 2\TerrenoSkyBillModGC2\v1dx11rr\DXRR.h(584,1): warning C4305: 'argumento': truncamiento de 'double' a 'float'
E:\Eliza\LMAD\GRAFICAS 2\GRAFICAS COMPUTACIONALES 2\TerrenoSkyBillModGC2\v1dx11rr\DXRR.h(588,1): warning C4305: 'argumento': truncamiento de 'double' a 'float'
E:\Eliza\LMAD\GRAFICAS 2\GRAFICAS COMPUTACIONALES 2\TerrenoSkyBillModGC2\v1dx11rr\DXRR.h(593,1): warning C4305: 'argumento': truncamiento de 'double' a 'float'
E:\Eliza\LMAD\GRAFICAS 2\GRAFICAS COMPUTACIONALES 2\TerrenoSkyBillModGC2\v1dx11rr\DXRR.h(597,1): warning C4305: 'argumento': truncamiento de 'double' a 'float'
E:\Eliza\LMAD\GRAFICAS 2\GRAFICAS COMPUTACIONALES 2\TerrenoSkyBillModGC2\v1dx11rr\DXRR.h(605,1): warning C4305: 'argumento': truncamiento de 'double' a 'float'
E:\Eliza\LMAD\GRAFICAS 2\GRAFICAS COMPUTACIONALES 2\TerrenoSkyBillModGC2\v1dx11rr\DXRR.h(607,1): warning C4305: 'argumento': truncamiento de 'double' a 'float'
E:\Eliza\LMAD\GRAFICAS 2\GRAFICAS COMPUTACIONALES 2\TerrenoSkyBillModGC2\v1dx11rr\DXRR.h(610,1): warning C4305: 'argumento': truncamiento de 'double' a 'float'
E:\Eliza\LMAD\GRAFICAS 2\GRAFICAS COMPUTACIONALES 2\TerrenoSkyBillModGC2\v1dx11rr\DXRR.h(613,1): warning C4305: 'argumento': truncamiento de 'double' a 'float'
E:\Eliza\LMAD\GRAFICAS 2\GRAFICAS COMPUTACIONALES 2\TerrenoSkyBillModGC2\v1dx11rr\DXRR.h(616,1): warning C4305: 'argumento': truncamiento de 'double' a 'float'
E:\Eliza\LMAD\GRAFICAS 2\GRAFICAS COMPUTACIONALES 2\TerrenoSkyBillModGC2\v1dx11rr\DXRR.h(619,1): warning C4305: 'argumento': truncamiento de 'double' a 'float'
E:\Eliza\LMAD\GRAFICAS 2\GRAFICAS COMPUTACIONALES 2\TerrenoSkyBillModGC2\v1dx11rr\DXRR.h(622,1): warning C4305: 'argumento': truncamiento de 'double' a 'float'
E:\Eliza\LMAD\GRAFICAS 2\GRAFICAS COMPUTACIONALES 2\TerrenoSkyBillModGC2\v1dx11rr\DXRR.h(625,1): warning C4305: 'argumento': truncamiento de 'double' a 'float'
E:\Eliza\LMAD\GRAFICAS 2\GRAFICAS COMPUTACIONALES 2\TerrenoSkyBillModGC2\v1dx11rr\DXRR.h(628,1): warning C4305: 'argumento': truncamiento de 'double' a 'float'
E:\Eliza\LMAD\GRAFICAS 2\GRAFICAS COMPUTACIONALES 2\TerrenoSkyBillModGC2\v1dx11rr\DXRR.h(631,1): warning C4305: 'argumento': truncamiento de 'double' a 'float'
E:\Eliza\LMAD\GRAFICAS 2\GRAFICAS COMPUTACIONALES 2\TerrenoSkyBillModGC2\v1dx11rr\DXRR.h(634,1): warning C4305: 'argumento': truncamiento de 'double' a 'float'
E:\Eliza\LMAD\GRAFICAS 2\GRAFICAS COMPUTACIONALES 2\TerrenoSkyBillModGC2\v1dx11rr\DXRR.h(637,1): warning C4305: 'argumento': truncamiento de 'double' a 'float'
E:\Eliza\LMAD\GRAFICAS 2\GRAFICAS COMPUTACIONALES 2\TerrenoSkyBillModGC2\v1dx11rr\DXRR.h(640,1): warning C4305: 'argumento': truncamiento de 'double' a 'float'
E:\Eliza\LMAD\GRAFICAS 2\GRAFICAS COMPUTACIONALES 2\TerrenoSkyBillModGC2\v1dx11rr\DXRR.h(643,1): warning C4305: 'argumento': truncamiento de 'double' a 'float'
E:\Eliza\LMAD\GRAFICAS 2\GRAFICAS COMPUTACIONALES 2\TerrenoSkyBillModGC2\v1dx11rr\DXRR.h(646,1): warning C4305: 'argumento': truncamiento de 'double' a 'float'
E:\Eliza\LMAD\GRAFICAS 2\GRAFICAS COMPUTACIONALES 2\TerrenoSkyBillModGC2\v1dx11rr\DXRR.h(649,1): warning C4305: 'argumento': truncamiento de 'double' a 'float'
E:\Eliza\LMAD\GRAFICAS 2\GRAFICAS COMPUTACIONALES 2\TerrenoSkyBillModGC2\v1dx11rr\DXRR.h(652,1): warning C4305: 'argumento': truncamiento de 'double' a 'float'
E:\Eliza\LMAD\GRAFICAS 2\GRAFICAS COMPUTACIONALES 2\TerrenoSkyBillModGC2\v1dx11rr\DXRR.h(655,1): warning C4305: 'argumento': truncamiento de 'double' a 'float'
E:\Eliza\LMAD\GRAFICAS 2\GRAFICAS COMPUTACIONALES 2\TerrenoSkyBillModGC2\v1dx11rr\DXRR.h(664,1): warning C4305: 'argumento': truncamiento de 'double' a 'float'
E:\Eliza\LMAD\GRAFICAS 2\GRAFICAS COMPUTACIONALES 2\TerrenoSkyBillModGC2\v1dx11rr\DXRR.h(670,1): warning C4305: 'argumento': truncamiento de 'double' a 'float'
E:\Eliza\LMAD\GRAFICAS 2\GRAFICAS COMPUTACIONALES 2\TerrenoSkyBillModGC2\v1dx11rr\DXRR.h(676,1): warning C4305: 'argumento': truncamiento de 'double' a 'float'
E:\Eliza\LMAD\GRAFICAS 2\GRAFICAS COMPUTACIONALES 2\TerrenoSkyBillModGC2\v1dx11rr\DXRR.h(702,58): warning C4244: 'argumento': conversión de 'double' a 'float'; posible pérdida de datos
E:\Eliza\LMAD\GRAFICAS 2\GRAFICAS COMPUTACIONALES 2\TerrenoSkyBillModGC2\v1dx11rr\DXRR.h(709,57): warning C4244: 'argumento': conversión de 'float' a 'int'; posible pérdida de datos
E:\Eliza\LMAD\GRAFICAS 2\GRAFICAS COMPUTACIONALES 2\TerrenoSkyBillModGC2\v1dx11rr\DXRR.h(709,1): warning C4305: 'argumento': truncamiento de 'double' a 'float'
E:\Eliza\LMAD\GRAFICAS 2\GRAFICAS COMPUTACIONALES 2\TerrenoSkyBillModGC2\v1dx11rr\DXRR.h(712,1): warning C4305: 'argumento': truncamiento de 'double' a 'float'
E:\Eliza\LMAD\GRAFICAS 2\GRAFICAS COMPUTACIONALES 2\TerrenoSkyBillModGC2\v1dx11rr\DXRR.h(716,1): warning C4305: 'argumento': truncamiento de 'double' a 'float'
E:\Eliza\LMAD\GRAFICAS 2\GRAFICAS COMPUTACIONALES 2\TerrenoSkyBillModGC2\v1dx11rr\DXRR.h(722,1): warning C4305: 'argumento': truncamiento de 'double' a 'float'
E:\Eliza\LMAD\GRAFICAS 2\GRAFICAS COMPUTACIONALES 2\TerrenoSkyBillModGC2\v1dx11rr\DXRR.h(730,1): warning C4305: 'argumento': truncamiento de 'double' a 'float'
E:\Eliza\LMAD\GRAFICAS 2\GRAFICAS COMPUTACIONALES 2\TerrenoSkyBillModGC2\v1dx11rr\DXRR.h(733,1): warning C4305: 'argumento': truncamiento de 'double' a 'float'
E:\Eliza\LMAD\GRAFICAS 2\GRAFICAS COMPUTACIONALES 2\TerrenoSkyBillModGC2\v1dx11rr\DXRR.h(736,1): warning C4305: 'argumento': truncamiento de 'double' a 'float'
E:\Eliza\LMAD\GRAFICAS 2\GRAFICAS COMPUTACIONALES 2\TerrenoSkyBillModGC2\v1dx11rr\DXRR.h(752,1): warning C4305: 'argumento': truncamiento de 'double' a 'float'
E:\Eliza\LMAD\GRAFICAS 2\GRAFICAS COMPUTACIONALES 2\TerrenoSkyBillModGC2\v1dx11rr\DXRR.h(766,1): warning C4305: 'argumento': truncamiento de 'double' a 'float'
E:\Eliza\LMAD\GRAFICAS 2\GRAFICAS COMPUTACIONALES 2\TerrenoSkyBillModGC2\v1dx11rr\DXRR.h(780,1): warning C4305: 'argumento': truncamiento de 'double' a 'float'
E:\Eliza\LMAD\GRAFICAS 2\GRAFICAS COMPUTACIONALES 2\TerrenoSkyBillModGC2\v1dx11rr\DXRR.h(794,1): warning C4305: 'argumento': truncamiento de 'double' a 'float'
E:\Eliza\LMAD\GRAFICAS 2\GRAFICAS COMPUTACIONALES 2\TerrenoSkyBillModGC2\v1dx11rr\DXRR.h(808,1): warning C4305: 'argumento': truncamiento de 'double' a 'float'
E:\Eliza\LMAD\GRAFICAS 2\GRAFICAS COMPUTACIONALES 2\TerrenoSkyBillModGC2\v1dx11rr\DXRR.h(822,1): warning C4305: 'argumento': truncamiento de 'double' a 'float'
E:\Eliza\LMAD\GRAFICAS 2\GRAFICAS COMPUTACIONALES 2\TerrenoSkyBillModGC2\v1dx11rr\DXRR.h(836,1): warning C4305: 'argumento': truncamiento de 'double' a 'float'
E:\Eliza\LMAD\GRAFICAS 2\GRAFICAS COMPUTACIONALES 2\TerrenoSkyBillModGC2\v1dx11rr\DXRR.h(850,1): warning C4305: 'argumento': truncamiento de 'double' a 'float'
E:\Eliza\LMAD\GRAFICAS 2\GRAFICAS COMPUTACIONALES 2\TerrenoSkyBillModGC2\v1dx11rr\DXRR.h(864,1): warning C4305: 'argumento': truncamiento de 'double' a 'float'
E:\Eliza\LMAD\GRAFICAS 2\GRAFICAS COMPUTACIONALES 2\TerrenoSkyBillModGC2\v1dx11rr\DXRR.h(877,1): warning C4305: 'argumento': truncamiento de 'double' a 'float'
E:\Eliza\LMAD\GRAFICAS 2\GRAFICAS COMPUTACIONALES 2\TerrenoSkyBillModGC2\v1dx11rr\DXRR.h(891,1): warning C4305: 'argumento': truncamiento de 'double' a 'float'
E:\Eliza\LMAD\GRAFICAS 2\GRAFICAS COMPUTACIONALES 2\TerrenoSkyBillModGC2\v1dx11rr\DXRR.h(905,1): warning C4305: 'argumento': truncamiento de 'double' a 'float'
E:\Eliza\LMAD\GRAFICAS 2\GRAFICAS COMPUTACIONALES 2\TerrenoSkyBillModGC2\v1dx11rr\DXRR.h(919,1): warning C4305: 'argumento': truncamiento de 'double' a 'float'
E:\Eliza\LMAD\GRAFICAS 2\GRAFICAS COMPUTACIONALES 2\TerrenoSkyBillModGC2\v1dx11rr\DXRR.h(933,1): warning C4305: 'argumento': truncamiento de 'double' a 'float'
E:\Eliza\LMAD\GRAFICAS 2\GRAFICAS COMPUTACIONALES 2\TerrenoSkyBillModGC2\v1dx11rr\DXRR.h(947,1): warning C4305: 'argumento': truncamiento de 'double' a 'float'
E:\Eliza\LMAD\GRAFICAS 2\GRAFICAS COMPUTACIONALES 2\TerrenoSkyBillModGC2\v1dx11rr\DXRR.h(961,1): warning C4305: 'argumento': truncamiento de 'double' a 'float'
E:\Eliza\LMAD\GRAFICAS 2\GRAFICAS COMPUTACIONALES 2\TerrenoSkyBillModGC2\v1dx11rr\DXRR.h(968,1): warning C4305: 'argumento': truncamiento de 'double' a 'float'
E:\Eliza\LMAD\GRAFICAS 2\GRAFICAS COMPUTACIONALES 2\TerrenoSkyBillModGC2\v1dx11rr\DXRR.h(971,1): warning C4305: 'argumento': truncamiento de 'double' a 'float'
E:\Eliza\LMAD\GRAFICAS 2\GRAFICAS COMPUTACIONALES 2\TerrenoSkyBillModGC2\v1dx11rr\DXRR.h(973,1): warning C4305: 'argumento': truncamiento de 'double' a 'float'
E:\Eliza\LMAD\GRAFICAS 2\GRAFICAS COMPUTACIONALES 2\TerrenoSkyBillModGC2\v1dx11rr\DXRR.h(974,1): warning C4305: 'argumento': truncamiento de 'double' a 'float'
E:\Eliza\LMAD\GRAFICAS 2\GRAFICAS COMPUTACIONALES 2\TerrenoSkyBillModGC2\v1dx11rr\DXRR.h(981,1): warning C4305: 'argumento': truncamiento de 'double' a 'float'
E:\Eliza\LMAD\GRAFICAS 2\GRAFICAS COMPUTACIONALES 2\TerrenoSkyBillModGC2\v1dx11rr\DXRR.h(982,1): warning C4305: 'argumento': truncamiento de 'double' a 'float'
E:\Eliza\LMAD\GRAFICAS 2\GRAFICAS COMPUTACIONALES 2\TerrenoSkyBillModGC2\v1dx11rr\DXRR.h(983,1): warning C4305: 'argumento': truncamiento de 'double' a 'float'
E:\Eliza\LMAD\GRAFICAS 2\GRAFICAS COMPUTACIONALES 2\TerrenoSkyBillModGC2\v1dx11rr\DXRR.h(984,1): warning C4305: 'argumento': truncamiento de 'double' a 'float'
E:\Eliza\LMAD\GRAFICAS 2\GRAFICAS COMPUTACIONALES 2\TerrenoSkyBillModGC2\v1dx11rr\DXRR.h(992,1): warning C4305: 'argumento': truncamiento de 'double' a 'float'
E:\Eliza\LMAD\GRAFICAS 2\GRAFICAS COMPUTACIONALES 2\TerrenoSkyBillModGC2\v1dx11rr\DXRR.h(993,1): warning C4305: 'argumento': truncamiento de 'double' a 'float'
E:\Eliza\LMAD\GRAFICAS 2\GRAFICAS COMPUTACIONALES 2\TerrenoSkyBillModGC2\v1dx11rr\DXRR.h(994,1): warning C4305: 'argumento': truncamiento de 'double' a 'float'
E:\Eliza\LMAD\GRAFICAS 2\GRAFICAS COMPUTACIONALES 2\TerrenoSkyBillModGC2\v1dx11rr\DXRR.h(995,1): warning C4305: 'argumento': truncamiento de 'double' a 'float'
E:\Eliza\LMAD\GRAFICAS 2\GRAFICAS COMPUTACIONALES 2\TerrenoSkyBillModGC2\v1dx11rr\DXRR.h(1001,1): warning C4305: 'argumento': truncamiento de 'double' a 'float'
E:\Eliza\LMAD\GRAFICAS 2\GRAFICAS COMPUTACIONALES 2\TerrenoSkyBillModGC2\v1dx11rr\DXRR.h(1002,1): warning C4305: 'argumento': truncamiento de 'double' a 'float'
E:\Eliza\LMAD\GRAFICAS 2\GRAFICAS COMPUTACIONALES 2\TerrenoSkyBillModGC2\v1dx11rr\DXRR.h(1003,1): warning C4305: 'argumento': truncamiento de 'double' a 'float'
E:\Eliza\LMAD\GRAFICAS 2\GRAFICAS COMPUTACIONALES 2\TerrenoSkyBillModGC2\v1dx11rr\DXRR.h(1004,1): warning C4305: 'argumento': truncamiento de 'double' a 'float'
E:\Eliza\LMAD\GRAFICAS 2\GRAFICAS COMPUTACIONALES 2\TerrenoSkyBillModGC2\v1dx11rr\DXRR.h(1010,1): warning C4305: 'argumento': truncamiento de 'double' a 'float'
E:\Eliza\LMAD\GRAFICAS 2\GRAFICAS COMPUTACIONALES 2\TerrenoSkyBillModGC2\v1dx11rr\DXRR.h(1011,1): warning C4305: 'argumento': truncamiento de 'double' a 'float'
E:\Eliza\LMAD\GRAFICAS 2\GRAFICAS COMPUTACIONALES 2\TerrenoSkyBillModGC2\v1dx11rr\DXRR.h(1012,1): warning C4305: 'argumento': truncamiento de 'double' a 'float'
E:\Eliza\LMAD\GRAFICAS 2\GRAFICAS COMPUTACIONALES 2\TerrenoSkyBillModGC2\v1dx11rr\DXRR.h(1013,1): warning C4305: 'argumento': truncamiento de 'double' a 'float'
E:\Eliza\LMAD\GRAFICAS 2\GRAFICAS COMPUTACIONALES 2\TerrenoSkyBillModGC2\v1dx11rr\DXRR.h(1038,1): warning C4305: 'argumento': truncamiento de 'double' a 'float'
E:\Eliza\LMAD\GRAFICAS 2\GRAFICAS COMPUTACIONALES 2\TerrenoSkyBillModGC2\v1dx11rr\DXRR.h(1045,1): warning C4305: 'argumento': truncamiento de 'double' a 'float'
E:\Eliza\LMAD\GRAFICAS 2\GRAFICAS COMPUTACIONALES 2\TerrenoSkyBillModGC2\v1dx11rr\DXRR.h(1269,24): warning C4244: '=': conversión de 'double' a 'float'; posible pérdida de datos
E:\Eliza\LMAD\GRAFICAS 2\GRAFICAS COMPUTACIONALES 2\TerrenoSkyBillModGC2\v1dx11rr\DXRR.h(1270,24): warning C4244: '=': conversión de 'double' a 'float'; posible pérdida de datos
E:\Eliza\LMAD\GRAFICAS 2\GRAFICAS COMPUTACIONALES 2\TerrenoSkyBillModGC2\v1dx11rr\DXRR.h(1271,24): warning C4244: '=': conversión de 'double' a 'float'; posible pérdida de datos
E:\Eliza\LMAD\GRAFICAS 2\GRAFICAS COMPUTACIONALES 2\TerrenoSkyBillModGC2\v1dx11rr\DXRR.h(1272,24): warning C4244: '=': conversión de 'double' a 'float'; posible pérdida de datos
E:\Eliza\LMAD\GRAFICAS 2\GRAFICAS COMPUTACIONALES 2\TerrenoSkyBillModGC2\v1dx11rr\DXRR.h(1280,28): warning C4244: '=': conversión de 'double' a 'float'; posible pérdida de datos
E:\Eliza\LMAD\GRAFICAS 2\GRAFICAS COMPUTACIONALES 2\TerrenoSkyBillModGC2\v1dx11rr\DXRR.h(1281,28): warning C4244: '=': conversión de 'double' a 'float'; posible pérdida de datos
E:\Eliza\LMAD\GRAFICAS 2\GRAFICAS COMPUTACIONALES 2\TerrenoSkyBillModGC2\v1dx11rr\DXRR.h(1282,28): warning C4244: '=': conversión de 'double' a 'float'; posible pérdida de datos
E:\Eliza\LMAD\GRAFICAS 2\GRAFICAS COMPUTACIONALES 2\TerrenoSkyBillModGC2\v1dx11rr\DXRR.h(1283,28): warning C4244: '=': conversión de 'double' a 'float'; posible pérdida de datos
E:\Eliza\LMAD\GRAFICAS 2\GRAFICAS COMPUTACIONALES 2\TerrenoSkyBillModGC2\v1dx11rr\DXRR.h(1292,29): warning C4244: '=': conversión de 'double' a 'float'; posible pérdida de datos
E:\Eliza\LMAD\GRAFICAS 2\GRAFICAS COMPUTACIONALES 2\TerrenoSkyBillModGC2\v1dx11rr\DXRR.h(1293,29): warning C4244: '=': conversión de 'double' a 'float'; posible pérdida de datos
E:\Eliza\LMAD\GRAFICAS 2\GRAFICAS COMPUTACIONALES 2\TerrenoSkyBillModGC2\v1dx11rr\DXRR.h(1294,29): warning C4244: '=': conversión de 'double' a 'float'; posible pérdida de datos
E:\Eliza\LMAD\GRAFICAS 2\GRAFICAS COMPUTACIONALES 2\TerrenoSkyBillModGC2\v1dx11rr\DXRR.h(1295,29): warning C4244: '=': conversión de 'double' a 'float'; posible pérdida de datos
E:\Eliza\LMAD\GRAFICAS 2\GRAFICAS COMPUTACIONALES 2\TerrenoSkyBillModGC2\v1dx11rr\DXRR.h(1304,29): warning C4244: '=': conversión de 'double' a 'float'; posible pérdida de datos
E:\Eliza\LMAD\GRAFICAS 2\GRAFICAS COMPUTACIONALES 2\TerrenoSkyBillModGC2\v1dx11rr\DXRR.h(1305,29): warning C4244: '=': conversión de 'double' a 'float'; posible pérdida de datos
E:\Eliza\LMAD\GRAFICAS 2\GRAFICAS COMPUTACIONALES 2\TerrenoSkyBillModGC2\v1dx11rr\DXRR.h(1306,29): warning C4244: '=': conversión de 'double' a 'float'; posible pérdida de datos
E:\Eliza\LMAD\GRAFICAS 2\GRAFICAS COMPUTACIONALES 2\TerrenoSkyBillModGC2\v1dx11rr\DXRR.h(1307,29): warning C4244: '=': conversión de 'double' a 'float'; posible pérdida de datos
  C:\Program Files (x86)\Microsoft DirectX SDK (June 2010)\Include\dinput.h: DIRECTINPUT_VERSION undefined. Defaulting to version 0x0800
E:\Eliza\LMAD\GRAFICAS 2\GRAFICAS COMPUTACIONALES 2\TerrenoSkyBillModGC2\v1dx11rr\TerrenoSkyBill.cpp(146,15): warning C4244: 'return': conversión de 'WPARAM' a 'int'; posible pérdida de datos
E:\Eliza\LMAD\GRAFICAS 2\GRAFICAS COMPUTACIONALES 2\TerrenoSkyBillModGC2\v1dx11rr\TerrenoSkyBill.cpp(228,31): warning C4244: 'inicializando': conversión de 'double' a 'float'; posible pérdida de datos
E:\Eliza\LMAD\GRAFICAS 2\GRAFICAS COMPUTACIONALES 2\TerrenoSkyBillModGC2\v1dx11rr\TerrenoSkyBill.cpp(229,31): warning C4244: 'inicializando': conversión de 'double' a 'float'; posible pérdida de datos
E:\Eliza\LMAD\GRAFICAS 2\GRAFICAS COMPUTACIONALES 2\TerrenoSkyBillModGC2\v1dx11rr\TerrenoSkyBill.cpp(231,35): warning C4305: 'inicializando': truncamiento de 'double' a 'float'
E:\Eliza\LMAD\GRAFICAS 2\GRAFICAS COMPUTACIONALES 2\TerrenoSkyBillModGC2\v1dx11rr\TerrenoSkyBill.cpp(240,34): warning C4244: 'inicializando': conversión de 'double' a 'float'; posible pérdida de datos
E:\Eliza\LMAD\GRAFICAS 2\GRAFICAS COMPUTACIONALES 2\TerrenoSkyBillModGC2\v1dx11rr\TerrenoSkyBill.cpp(241,34): warning C4244: 'inicializando': conversión de 'double' a 'float'; posible pérdida de datos
E:\Eliza\LMAD\GRAFICAS 2\GRAFICAS COMPUTACIONALES 2\TerrenoSkyBillModGC2\v1dx11rr\Text.h(179): warning C4715: 'Text::InitScene': no todas las rutas de acceso de control devuelven un valor
E:\Eliza\LMAD\GRAFICAS 2\GRAFICAS COMPUTACIONALES 2\TerrenoSkyBillModGC2\v1dx11rr\GUI.h(169): warning C4715: 'GUI::InitScene': no todas las rutas de acceso de control devuelven un valor
  v1dx11rr.vcxproj -> E:\Eliza\LMAD\GRAFICAS 2\GRAFICAS COMPUTACIONALES 2\TerrenoSkyBillModGC2\x64\Debug\TerrenoSkyBill.exe
